-34146
160
80 150
133 136
95 65
2 51
55 30
144 153
13 66
118 75
128 161
58 36
138 136
14 16
156 123
145 51
9 141
151 24
63 151
15 108
16 107
34 64
33 22
118 97
150 25
5 59
1 109
6 77
33 107
48 124
99 69
36 4
135 117
99 9
9 62
38 87
1 83
160 90
17 55
94 107
36 128
153 151
72 121
40 17
124 61
33 48
2 160
141 4
9 126
79 129
2 68
90 133
103 95
2 28
75 46
138 85
141 8
159 95
70 78
149 148
100 80
53 75
88 47
140 122
92 147
95 84
139 22
76 78
76 42
94 30
47 112
37 7
30 1
117 82
52 95
119 11
46 34
52 124
62 63
35 99
110 115
84 135
76 64
15 105
149 67
112 6
123 21
137 55
89 10
67 146
26 7
32 142
146 40
140 98
156 66
64 86
17 140
128 53
131 116
15 68
121 157
99 134
26 143
115 124
49 111
158 105
73 150
4 93
41 64
154 63
109 125
87 4
33 113
50 49
152 145
11 14
75 22
142 42
81 75
103 123
71 152
96 29
19 149
73 61
73 105
27 41
132 146
153 130
50 39
88 70
9 111
5 8
114 120
45 104
157 148
16 102
74 114
64 31
129 35
112 54
127 5
139 104
92 93
43 101
132 155
91 123
89 93
56 118
51 96
70 23
130 143
43 145
21 57
137 114
29 44
60 127
3 60
12 34
1 20
106 39
18 104
143 116
